<?xml version="1.0" encoding="UTF-8"?>
<testsuite xmlns:xsi="http://www.w3.org/2001/XMLSchema-instance" xsi:noNamespaceSchemaLocation="https://maven.apache.org/surefire/maven-surefire-plugin/xsd/surefire-test-report-3.0.xsd" version="3.0" name="com.api.nome.ApiNomeCpfApplicationTests" time="6.599" tests="1" errors="0" skipped="0" failures="0">
  <properties>
[...]
</properties>
  <testcase name="contextLoads" classname="com.api.nome.ApiNomeCpfApplicationTests" time="0.643">
    <system-out><![CDATA[09:20:26.135 [main] INFO org.springframework.test.context.support.AnnotationConfigContextLoaderUtils -- Could not detect default configuration classes for test class [com.api.nome.ApiNomeCpfApplicationTests]: ApiNomeCpfApplicationTests does not declare any static, non-private, non-final, nested classes annotated with @Configuration.
09:20:26.319 [main] INFO org.springframework.boot.test.context.SpringBootTestContextBootstrapper -- Found @SpringBootConfiguration com.api.nome.ApiNomeCpfApplication for test class com.api.nome.ApiNomeCpfApplicationTests

  .   ____          _            __ _ _
 /\\ / ___'_ __ _ _(_)_ __  __ _ \ \ \ \
( ( )\___ | '_ | '_| | '_ \/ _` | \ \ \ \
 \\/  ___)| |_)| | | | | || (_| |  ) ) ) )
  '  |____| .__|_| |_|_| |_\__, | / / / /
 =========|_|==============|___/=/_/_/_/
 :: Spring Boot ::                (v3.1.0)

2023-06-24T09:20:26.954-03:00  INFO 16484 --- [           main] c.api.nome.ApiNomeCpfApplicationTests    : Starting ApiNomeCpfApplicationTests using Java 19 with PID 16484 (started by USUARIO in C:\Users\USUARIO\Desktop\CURSO EM VÍDEO\apiNomeCPF\ProjetoMarta)
2023-06-24T09:20:26.956-03:00  INFO 16484 --- [           main] c.api.nome.ApiNomeCpfApplicationTests    : No active profile set, falling back to 1 default profile: "default"
2023-06-24T09:20:27.783-03:00  INFO 16484 --- [           main] .s.d.r.c.RepositoryConfigurationDelegate : Bootstrapping Spring Data JPA repositories in DEFAULT mode.
2023-06-24T09:20:27.872-03:00  INFO 16484 --- [           main] .s.d.r.c.RepositoryConfigurationDelegate : Finished Spring Data repository scanning in 73 ms. Found 1 JPA repository interfaces.
2023-06-24T09:20:28.483-03:00  INFO 16484 --- [           main] o.hibernate.jpa.internal.util.LogHelper  : HHH000204: Processing PersistenceUnitInfo [name: default]
2023-06-24T09:20:28.615-03:00  INFO 16484 --- [           main] org.hibernate.Version                    : HHH000412: Hibernate ORM core version 6.2.2.Final
2023-06-24T09:20:28.618-03:00  INFO 16484 --- [           main] org.hibernate.cfg.Environment            : HHH000406: Using bytecode reflection optimizer
2023-06-24T09:20:28.925-03:00  INFO 16484 --- [           main] o.h.b.i.BytecodeProviderInitiator        : HHH000021: Bytecode provider name : bytebuddy
2023-06-24T09:20:29.087-03:00  INFO 16484 --- [           main] o.s.o.j.p.SpringPersistenceUnitInfo      : No LoadTimeWeaver setup: ignoring JPA class transformer
2023-06-24T09:20:29.111-03:00  INFO 16484 --- [           main] com.zaxxer.hikari.HikariDataSource       : HikariPool-1 - Starting...
2023-06-24T09:20:29.588-03:00  INFO 16484 --- [           main] com.zaxxer.hikari.pool.HikariPool        : HikariPool-1 - Added connection com.mysql.cj.jdbc.ConnectionImpl@15586843
2023-06-24T09:20:29.591-03:00  INFO 16484 --- [           main] com.zaxxer.hikari.HikariDataSource       : HikariPool-1 - Start completed.
2023-06-24T09:20:29.680-03:00  INFO 16484 --- [           main] org.hibernate.orm.dialect                : HHH035001: Using dialect: org.hibernate.dialect.MySQLDialect, version: 8.0.33
2023-06-24T09:20:30.032-03:00  INFO 16484 --- [           main] o.h.b.i.BytecodeProviderInitiator        : HHH000021: Bytecode provider name : bytebuddy
2023-06-24T09:20:30.511-03:00  INFO 16484 --- [           main] o.h.m.i.EntityInstantiatorPojoStandard   : HHH000182: No default (no-argument) constructor for class: com.api.nome.Person (class must be instantiated by Interceptor)
2023-06-24T09:20:30.707-03:00  INFO 16484 --- [           main] o.h.e.t.j.p.i.JtaPlatformInitiator       : HHH000490: Using JtaPlatform implementation: [org.hibernate.engine.transaction.jta.platform.internal.NoJtaPlatform]
2023-06-24T09:20:30.765-03:00  INFO 16484 --- [           main] j.LocalContainerEntityManagerFactoryBean : Initialized JPA EntityManagerFactory for persistence unit 'default'
2023-06-24T09:20:31.306-03:00  WARN 16484 --- [           main] JpaBaseConfiguration$JpaWebConfiguration : spring.jpa.open-in-view is enabled by default. Therefore, database queries may be performed during view rendering. Explicitly configure spring.jpa.open-in-view to disable this warning
2023-06-24T09:20:31.821-03:00  INFO 16484 --- [           main] c.api.nome.ApiNomeCpfApplicationTests    : Started ApiNomeCpfApplicationTests in 5.306 seconds (process running for 6.587)
]]></system-out>
  </testcase>
</testsuite>